<?xml version="1.0" encoding="UTF-8"?>
<!-- Generated by org.testng.reporters.JUnitReportReporter -->
<testsuite hostname="DESKTOP-E69K95O" name="com.testscripts.signUpTest" tests="2" failures="0" timestamp="1 Nov 2020 18:24:08 GMT" time="2.032" errors="0">
  <testcase name="validateHomeSignIn" time="1.917" classname="com.testscripts.signUpTest"/>
  <testcase name="validateCreateAccountOption" time="0.115" classname="com.testscripts.signUpTest"/>
</testsuite> <!-- com.testscripts.signUpTest -->
