<?xml version="1.0" encoding="UTF-8"?>
<!-- Generated by org.testng.reporters.JUnitReportReporter -->
<testsuite hostname="DESKTOP-E69K95O" name="com.testscripts.registrarTest" tests="1" failures="0" timestamp="1 Nov 2020 18:24:08 GMT" time="5.488" errors="0">
  <testcase name="registrarPageTest" time="5.488" classname="com.testscripts.registrarTest"/>
</testsuite> <!-- com.testscripts.registrarTest -->
