<?xml version="1.0" encoding="UTF-8"?>
<!-- Generated by org.testng.reporters.JUnitReportReporter -->
<testsuite hostname="DESKTOP-E69K95O" name="com.testscripts.registrarTest" tests="1" failures="0" timestamp="7 Nov 2020 16:31:13 GMT" time="4.254" errors="0">
  <testcase name="registrarPageTest" time="4.254" classname="com.testscripts.registrarTest"/>
</testsuite> <!-- com.testscripts.registrarTest -->
