<?xml version="1.0" encoding="UTF-8"?>
<!-- Generated by org.testng.reporters.JUnitReportReporter -->
<testsuite hostname="DESKTOP-E69K95O" name="com.testscripts.yahooSignupTest" tests="2" failures="0" timestamp="1 Nov 2020 18:24:08 GMT" time="4.368" errors="0">
  <testcase name="privacyOptionValidation" time="2.172" classname="com.testscripts.yahooSignupTest"/>
  <testcase name="signupValidation" time="2.196" classname="com.testscripts.yahooSignupTest"/>
</testsuite> <!-- com.testscripts.yahooSignupTest -->
