<?xml version="1.0" encoding="UTF-8"?>
<!-- Generated by org.testng.reporters.JUnitReportReporter -->
<testsuite hostname="DESKTOP-E69K95O" name="com.testscripts.sampleTest" tests="2" failures="0" timestamp="1 Nov 2020 18:31:51 GMT" time="0.006" errors="0">
  <testcase name="aloginTest" time="0.001" classname="com.testscripts.sampleTest"/>
  <testcase name="bTitleValidation" time="0.005" classname="com.testscripts.sampleTest"/>
</testsuite> <!-- com.testscripts.sampleTest -->
